<?xml version="1.0" encoding="UTF-8"?>
<!-- Generated by org.testng.reporters.JUnitReportReporter -->
<testsuite hostname="DESKTOP-2S175RD" failures="0" tests="3" name="com.wipro.testng.lab19august_Login" time="43.465" errors="0" timestamp="2025-08-23T13:54:57 IST" skipped="0">
  <testcase classname="com.wipro.testng.lab19august_Login" name="positiveLoginTest" time="16.288"/>
  <testcase classname="com.wipro.testng.lab19august_Login" name="negativePasswordTest" time="13.568"/>
  <testcase classname="com.wipro.testng.lab19august_Login" name="negativeUsernameTest" time="13.609"/>
</testsuite> <!-- com.wipro.testng.lab19august_Login -->
