<?xml version="1.0" encoding="UTF-8"?>
<!-- Generated by org.testng.reporters.JUnitReportReporter -->
<testsuite hostname="DESKTOP-2S175RD" failures="0" tests="1" name="com.wipro.testng.lab19august_AddtoCart" time="0.023" errors="0" timestamp="2025-08-23T13:42:16 IST" skipped="0">
  <testcase classname="com.wipro.testng.lab19august_AddtoCart" name="cart" time="0.023"/>
</testsuite> <!-- com.wipro.testng.lab19august_AddtoCart -->
