<?xml version="1.0" encoding="UTF-8"?>
<!-- Generated by org.testng.reporters.JUnitReportReporter -->
<testsuite hostname="DESKTOP-2S175RD" failures="0" tests="4" name="com.wipro.testng.labsession16august_Q2" time="0.024" errors="0" timestamp="2025-08-23T14:03:58 IST" skipped="0">
  <testcase classname="com.wipro.testng.labsession16august_Q2" name="viewUser" time="0.006"/>
  <testcase classname="com.wipro.testng.labsession16august_Q2" name="updateUser" time="0.003"/>
  <testcase classname="com.wipro.testng.labsession16august_Q2" name="deleteUser" time="0.003"/>
  <testcase classname="com.wipro.testng.labsession16august_Q2" name="createUser" time="0.012"/>
</testsuite> <!-- com.wipro.testng.labsession16august_Q2 -->
