<?xml version="1.0" encoding="UTF-8"?>
<!-- Generated by org.testng.reporters.JUnitReportReporter -->
<testsuite hostname="DESKTOP-2S175RD" failures="0" tests="3" name="com.wipro.testng.labsession16august_Q1" time="0.019" errors="0" timestamp="2025-08-23T14:03:29 IST" skipped="0">
  <testcase classname="com.wipro.testng.labsession16august_Q1" name="loginTest" time="0.013"/>
  <testcase classname="com.wipro.testng.labsession16august_Q1" name="paymentTest" time="0.004"/>
  <testcase classname="com.wipro.testng.labsession16august_Q1" name="logoutTest" time="0.002"/>
</testsuite> <!-- com.wipro.testng.labsession16august_Q1 -->
