<?xml version="1.0" encoding="UTF-8"?>
<!-- Generated by org.testng.reporters.JUnitReportReporter -->
<testsuite hostname="DESKTOP-2S175RD" failures="0" tests="2" name="com.wipro.testng.TESTCASE" time="24.005" errors="0" timestamp="2025-08-23T14:07:11 IST" skipped="0">
  <testcase classname="com.wipro.testng.TESTCASE" name="login" time="16.796"/>
  <testcase classname="com.wipro.testng.TESTCASE" name="testcheckbox" time="7.209"/>
</testsuite> <!-- com.wipro.testng.TESTCASE -->
